<?xml version="1.0" encoding="UTF-8"?>
<testsuites tests="4" failures="0" disabled="1" errors="0" timestamp="2019-05-02T13:41:56" time="0.004" name="AllTests">
  <testsuite name="Test_HelloClass" tests="4" failures="0" disabled="1" errors="0" time="0.002">
    <testcase name="init" status="run" result="completed" time="0" classname="Test_HelloClass" />
    <testcase name="add" status="run" result="completed" time="0" classname="Test_HelloClass" />
    <testcase name="sub" status="run" result="completed" time="0" classname="Test_HelloClass" />
    <testcase name="DISABLED_disabledtest" status="notrun" result="suppressed" time="0" classname="Test_HelloClass" />
  </testsuite>
</testsuites>
